c:\users\hsnl\desktop\碩班課程\機械所物件導向設計應用\物件導向設計與應用作業\hw4\p76081108_hw4\p76081108_hw4\debug\vc141.pdb
c:\users\hsnl\desktop\碩班課程\機械所物件導向設計應用\物件導向設計與應用作業\hw4\p76081108_hw4\p76081108_hw4\debug\.netframework,version=v4.6.1.assemblyattributes.obj
c:\users\hsnl\desktop\碩班課程\機械所物件導向設計應用\物件導向設計與應用作業\hw4\p76081108_hw4\p76081108_hw4\debug\.netframework,version=v4.6.1.assemblyattributes.asm
c:\users\hsnl\desktop\碩班課程\機械所物件導向設計應用\物件導向設計與應用作業\hw4\p76081108_hw4\p76081108_hw4\debug\tick-tac-toe.obj
c:\users\hsnl\desktop\碩班課程\機械所物件導向設計應用\物件導向設計與應用作業\hw4\p76081108_hw4\debug\p76081108_hw4.exe
c:\users\hsnl\desktop\碩班課程\機械所物件導向設計應用\物件導向設計與應用作業\hw4\p76081108_hw4\debug\p76081108_hw4.pdb
c:\users\hsnl\desktop\碩班課程\機械所物件導向設計應用\物件導向設計與應用作業\hw4\p76081108_hw4\p76081108_hw4\debug\p76081108hw4.myform.resources
c:\users\hsnl\desktop\碩班課程\機械所物件導向設計應用\物件導向設計與應用作業\hw4\p76081108_hw4\p76081108_hw4\debug\p76081108hw4.tick-tac-toe.resources
c:\users\hsnl\desktop\碩班課程\機械所物件導向設計應用\物件導向設計與應用作業\hw4\p76081108_hw4\p76081108_hw4\debug\p76081108_hw4.vcxproj.generateresource.cache
c:\users\hsnl\desktop\碩班課程\機械所物件導向設計應用\物件導向設計與應用作業\hw4\p76081108_hw4\p76081108_hw4\debug\p76081108_hw4.vcxprojassemblyreference.cache
c:\users\hsnl\desktop\碩班課程\機械所物件導向設計應用\物件導向設計與應用作業\hw4\p76081108_hw4\p76081108_hw4\debug\myform.obj
c:\users\hsnl\desktop\碩班課程\機械所物件導向設計應用\物件導向設計與應用作業\hw4\p76081108_hw4\p76081108_hw4\debug\p76081108_hw4.tlog\cl.command.1.tlog
c:\users\hsnl\desktop\碩班課程\機械所物件導向設計應用\物件導向設計與應用作業\hw4\p76081108_hw4\p76081108_hw4\debug\p76081108_hw4.tlog\cl.read.1.tlog
c:\users\hsnl\desktop\碩班課程\機械所物件導向設計應用\物件導向設計與應用作業\hw4\p76081108_hw4\p76081108_hw4\debug\p76081108_hw4.tlog\cl.write.1.tlog
c:\users\hsnl\desktop\碩班課程\機械所物件導向設計應用\物件導向設計與應用作業\hw4\p76081108_hw4\p76081108_hw4\debug\p76081108_hw4.tlog\link.command.1.tlog
c:\users\hsnl\desktop\碩班課程\機械所物件導向設計應用\物件導向設計與應用作業\hw4\p76081108_hw4\p76081108_hw4\debug\p76081108_hw4.tlog\link.read.1.tlog
c:\users\hsnl\desktop\碩班課程\機械所物件導向設計應用\物件導向設計與應用作業\hw4\p76081108_hw4\p76081108_hw4\debug\p76081108_hw4.tlog\link.write.1.tlog
c:\users\hsnl\desktop\碩班課程\機械所物件導向設計應用\物件導向設計與應用作業\hw4\p76081108_hw4\p76081108_hw4\debug\p76081108_hw4.tlog\metagen.read.1.tlog
c:\users\hsnl\desktop\碩班課程\機械所物件導向設計應用\物件導向設計與應用作業\hw4\p76081108_hw4\p76081108_hw4\debug\p76081108_hw4.tlog\metagen.write.1.tlog
c:\users\hsnl\desktop\碩班課程\機械所物件導向設計應用\物件導向設計與應用作業\hw4\p76081108_hw4\p76081108_hw4\debug\p76081108_hw4.tlog\p76081108_hw4.write.1u.tlog
